# JRE version: Java(TM) SE Runtime Environment (24.0.2+12) (build 24.0.2+12-54)
# Java VM: Java HotSpot(TM) 64-Bit Server VM (24.0.2+12-54, mixed mode, sharing, tiered, compressed oops, compressed class ptrs, g1 gc, windows-amd64)
GC Precious Log:
 CardTable entry size: 512
 Card Set container configuration: InlinePtr #cards 4 size 8 Array Of Cards #cards 32 size 80 Howl #buckets 8 coarsen threshold 7372 Howl Bitmap #cards 1024 size 144 coarsen threshold 921 Card regions per heap region 1 cards per card region 8192
 CPUs: 8 total, 8 available
 Memory: 20377M
 Large Page Support: Disabled
 NUMA Support: Disabled
 Compressed Oops: Enabled (Zero based)
 Heap Region Size: 4M
 Heap Min Capacity: 8M
 Heap Initial Capacity: 8M
 Heap Max Capacity: 5096M
 Pre-touch: Disabled
 Parallel Workers: 8
 Concurrent Workers: 2
 Concurrent Refinement Workers: 8
 Periodic GC: Disabled
Heap:
 garbage-first heap   total reserved 5218304K, committed 20480K, used 5741K [0x00000006c1800000, 0x0000000800000000)
  region size 4096K, 1 young (4096K), 1 survivors (4096K)
 Metaspace       used 9157K, committed 9408K, reserved 1114112K
  class space    used 891K, committed 1024K, reserved 1048576K
GC Heap History (11 events):
Event: 0.392 GC heap before
{Heap before GC invocations=0 (full 0):
 garbage-first heap   total reserved 5218304K, committed 12288K, used 1140K [0x00000006c1800000, 0x0000000800000000)
  region size 4096K, 1 young (4096K), 0 survivors (0K)
 Metaspace       used 2997K, committed 3136K, reserved 1114112K
  class space    used 285K, committed 320K, reserved 1048576K
}
Event: 0.394 GC heap after
{Heap after GC invocations=1 (full 0):
 garbage-first heap   total reserved 5218304K, committed 12288K, used 2068K [0x00000006c1800000, 0x0000000800000000)
  region size 4096K, 1 young (4096K), 1 survivors (4096K)
 Metaspace       used 2997K, committed 3136K, reserved 1114112K
  class space    used 285K, committed 320K, reserved 1048576K
}
Event: 0.394 GC heap before
{Heap before GC invocations=1 (full 0):
 garbage-first heap   total reserved 5218304K, committed 16384K, used 2068K [0x00000006c1800000, 0x0000000800000000)
  region size 4096K, 1 young (4096K), 1 survivors (4096K)
 Metaspace       used 2997K, committed 3136K, reserved 1114112K
  class space    used 285K, committed 320K, reserved 1048576K
}
Event: 0.404 GC heap after
{Heap after GC invocations=2 (full 1):
 garbage-first heap   total reserved 5218304K, committed 16384K, used 1869K [0x00000006c1800000, 0x0000000800000000)
  region size 4096K, 0 young (0K), 0 survivors (0K)
 Metaspace       used 2997K, committed 3136K, reserved 1114112K
  class space    used 285K, committed 320K, reserved 1048576K
}
Event: 0.759 GC heap before
{Heap before GC invocations=2 (full 1):
 garbage-first heap   total reserved 5218304K, committed 16384K, used 5965K [0x00000006c1800000, 0x0000000800000000)
  region size 4096K, 1 young (4096K), 0 survivors (0K)
 Metaspace       used 7590K, committed 7808K, reserved 1114112K
  class space    used 732K, committed 832K, reserved 1048576K
}
Event: 0.763 GC heap after
{Heap after GC invocations=3 (full 1):
 garbage-first heap   total reserved 5218304K, committed 16384K, used 3026K [0x00000006c1800000, 0x0000000800000000)
  region size 4096K, 1 young (4096K), 1 survivors (4096K)
 Metaspace       used 7590K, committed 7808K, reserved 1114112K
  class space    used 732K, committed 832K, reserved 1048576K
}
Event: 0.982 GC heap before
{Heap before GC invocations=3 (full 1):
 garbage-first heap   total reserved 5218304K, committed 16384K, used 3026K [0x00000006c1800000, 0x0000000800000000)
  region size 4096K, 2 young (8192K), 1 survivors (4096K)
 Metaspace       used 8197K, committed 8384K, reserved 1114112K
  class space    used 783K, committed 896K, reserved 1048576K
}
Event: 0.986 GC heap after
{Heap after GC invocations=4 (full 1):
 garbage-first heap   total reserved 5218304K, committed 16384K, used 3788K [0x00000006c1800000, 0x0000000800000000)
  region size 4096K, 1 young (4096K), 1 survivors (4096K)
 Metaspace       used 8197K, committed 8384K, reserved 1114112K
  class space    used 783K, committed 896K, reserved 1048576K
}
Event: 1.176 GC heap before
{Heap before GC invocations=4 (full 1):
 garbage-first heap   total reserved 5218304K, committed 16384K, used 7884K [0x00000006c1800000, 0x0000000800000000)
  region size 4096K, 2 young (8192K), 1 survivors (4096K)
 Metaspace       used 8955K, committed 9152K, reserved 1114112K
  class space    used 873K, committed 960K, reserved 1048576K
}
Event: 1.186 GC heap after
{Heap after GC invocations=5 (full 1):
 garbage-first heap   total reserved 5218304K, committed 16384K, used 5278K [0x00000006c1800000, 0x0000000800000000)
  region size 4096K, 1 young (4096K), 1 survivors (4096K)
 Metaspace       used 8955K, committed 9152K, reserved 1114112K
  class space    used 873K, committed 960K, reserved 1048576K
}
Event: 1.275 GC heap before
{Heap before GC invocations=5 (full 1):
 garbage-first heap   total reserved 5218304K, committed 16384K, used 9374K [0x00000006c1800000, 0x0000000800000000)
  region size 4096K, 2 young (8192K), 1 survivors (4096K)
 Metaspace       used 9157K, committed 9408K, reserved 1114112K
  class space    used 891K, committed 1024K, reserved 1048576K
}

